<?xml version="1.0" encoding="UTF-8"?>
<!-- Generated by org.testng.reporters.JUnitReportReporter -->
<testsuite hostname="HW0977" name="com.demo.scripts.IndiaBet_Test" tests="1" failures="0" timestamp="11 Dec 2014 16:32:01 GMT" time="1060.435" errors="0">
  <testcase name="Login_Test" time="1060.435" classname="com.demo.scripts.IndiaBet_Test"/>
</testsuite> <!-- com.demo.scripts.IndiaBet_Test -->
