<?xml version="1.0" encoding="UTF-8"?>
<!-- Generated by org.testng.reporters.JUnitReportReporter -->
<testsuite hostname="HW0977" name="com.demo.scripts.InteractionDefaultValue_MobileWebTest" tests="2" failures="0" timestamp="27 Dec 2014 08:07:39 GMT" time="538.539" errors="0">
  <testcase name="InteractionDefaultValue_MobileWebTest" time="154.417" classname="com.demo.scripts.InteractionDefaultValue_MobileWebTest"/>
  <testcase name="InteractionDefaultValue_MobileWebTest" time="384.122" classname="com.demo.scripts.InteractionDefaultValue_MobileWebTest"/>
</testsuite> <!-- com.demo.scripts.InteractionDefaultValue_MobileWebTest -->
