<?xml version="1.0" encoding="UTF-8"?>
<!-- Generated by org.testng.reporters.JUnitReportReporter -->
<testsuite hostname="HW0977" name="com.demo.scripts.InteractionLanguage_Test" tests="1" failures="0" timestamp="28 Dec 2014 14:29:28 GMT" time="7.788" errors="0">
  <testcase name="POC1_TestLanguage" time="7.788" classname="com.demo.scripts.InteractionLanguage_Test"/>
</testsuite> <!-- com.demo.scripts.InteractionLanguage_Test -->
