<?xml version="1.0" encoding="UTF-8"?>
<!-- Generated by org.testng.reporters.JUnitReportReporter -->
<testsuite hostname="HW0977" name="com.demo.scripts.InteractionLanguage_TestMobile" tests="3" failures="0" timestamp="4 Dec 2014 11:35:36 GMT" time="173.435" errors="0">
  <testcase name="InteractionLanguage_TestMobile" time="56.430" classname="com.demo.scripts.InteractionLanguage_TestMobile"/>
  <testcase name="InteractionLanguage_TestMobile" time="55.195" classname="com.demo.scripts.InteractionLanguage_TestMobile"/>
  <testcase name="InteractionLanguage_TestMobile" time="61.810" classname="com.demo.scripts.InteractionLanguage_TestMobile"/>
</testsuite> <!-- com.demo.scripts.InteractionLanguage_TestMobile -->
