<?xml version="1.0" encoding="UTF-8"?>
<!-- Generated by org.testng.reporters.JUnitReportReporter -->
<testsuite hostname="HW0977" name="com.demo.scripts.InteractionFormatting_TestMobile" tests="3" failures="0" timestamp="4 Dec 2014 11:35:36 GMT" time="87.019" errors="0">
  <testcase name="InteractionFormatting_TestMobile" time="31.917" classname="com.demo.scripts.InteractionFormatting_TestMobile"/>
  <testcase name="InteractionFormatting_TestMobile" time="25.412" classname="com.demo.scripts.InteractionFormatting_TestMobile"/>
  <testcase name="InteractionFormatting_TestMobile" time="29.690" classname="com.demo.scripts.InteractionFormatting_TestMobile"/>
</testsuite> <!-- com.demo.scripts.InteractionFormatting_TestMobile -->
