<?xml version="1.0" encoding="UTF-8"?>
<!-- Generated by org.testng.reporters.JUnitReportReporter -->
<testsuite hostname="HW0977" name="com.demo.scripts.InteractionDefaultValue_TestMobile" tests="3" failures="0" timestamp="4 Dec 2014 11:35:36 GMT" time="126.418" errors="0">
  <testcase name="InteractionDefaultValue_TestMobile" time="27.326" classname="com.demo.scripts.InteractionDefaultValue_TestMobile"/>
  <testcase name="InteractionDefaultValue_TestMobile" time="70.230" classname="com.demo.scripts.InteractionDefaultValue_TestMobile"/>
  <testcase name="InteractionDefaultValue_TestMobile" time="28.862" classname="com.demo.scripts.InteractionDefaultValue_TestMobile"/>
</testsuite> <!-- com.demo.scripts.InteractionDefaultValue_TestMobile -->
