<?xml version="1.0" encoding="UTF-8"?>
<!-- Generated by org.testng.reporters.JUnitReportReporter -->
<testsuite hostname="HW0398" name="com.FordFoundation.Fluxx.Fluxx_Grantee_Grant_Approval_Workflow" tests="1" failures="0" timestamp="24 Sep 2018 11:27:36 GMT" time="385.374" errors="0">
  <testcase name="Fluxx_Grant_Creation" time="385.374" classname="com.FordFoundation.Fluxx.Fluxx_Grantee_Grant_Approval_Workflow"/>
</testsuite> <!-- com.FordFoundation.Fluxx.Fluxx_Grantee_Grant_Approval_Workflow -->
