<?xml version="1.0" encoding="UTF-8"?>
<!-- Generated by org.testng.reporters.JUnitReportReporter -->
<testsuite hostname="HW0977" name="com.demo.scripts.InteractionDefaultValue_MobileTest" tests="1" failures="0" timestamp="19 Dec 2014 09:28:56 GMT" time="35.203" errors="0">
  <testcase name="InteractionDefaultValue_MobileTest" time="35.203" classname="com.demo.scripts.InteractionDefaultValue_MobileTest"/>
</testsuite> <!-- com.demo.scripts.InteractionDefaultValue_MobileTest -->
