<?xml version="1.0" encoding="UTF-8"?>
<!-- Generated by org.testng.reporters.JUnitReportReporter -->
<testsuite hostname="HW0398" name="com.FordFoundation.Fluxx.Fluxx_Testcases_Sample" tests="1" failures="0" timestamp="29 Aug 2018 18:20:06 GMT" time="1071.339" errors="0">
  <testcase name="Fluxx_Grant_Creation" time="1071.339" classname="com.FordFoundation.Fluxx.Fluxx_Testcases_Sample"/>
</testsuite> <!-- com.FordFoundation.Fluxx.Fluxx_Testcases_Sample -->
