<?xml version="1.0" encoding="UTF-8"?>
<!-- Generated by org.testng.reporters.JUnitReportReporter -->
<testsuite hostname="HW0977" name="com.demo.scripts.GameTest" tests="1" failures="0" timestamp="12 Dec 2014 08:32:15 GMT" time="1210.837" errors="0">
  <testcase name="Login_Test" time="1210.837" classname="com.demo.scripts.GameTest"/>
</testsuite> <!-- com.demo.scripts.GameTest -->
