<?xml version="1.0" encoding="UTF-8"?>
<!-- Generated by org.testng.reporters.JUnitReportReporter -->
<testsuite hostname="HW0977" name="com.demo.scripts.InteractionFormatting_web" tests="1" failures="0" timestamp="4 Dec 2014 14:00:32 GMT" time="32.453" errors="0">
  <testcase name="InteractionFormatting_TestMobile" time="32.453" classname="com.demo.scripts.InteractionFormatting_web"/>
</testsuite> <!-- com.demo.scripts.InteractionFormatting_web -->
